Release 14.7 Map P.20131013 (nt64)
Xilinx Mapping Report File for Design 'top'

Design Information
------------------
Command Line   : map -intstyle ise -p xc7k160t-ffg676-1 -w -logic_opt off -ol
high -t 1 -xt 0 -register_duplication off -r 4 -mt off -ir off -pr off -lc off
-power off -o top_map.ncd top.ngd top.pcf 
Target Device  : xc7k160t
Target Package : ffg676
Target Speed   : -1
Mapper Version : kintex7 -- $Revision: 1.55 $
Mapped Date    : Fri Jun 02 11:43:58 2023

Design Summary
--------------
Number of errors:      0
Number of warnings:    1
Slice Logic Utilization:
  Number of Slice Registers:                   791 out of 202,800    1%
    Number used as Flip Flops:                 745
    Number used as Latches:                      0
    Number used as Latch-thrus:                  0
    Number used as AND/OR logics:               46
  Number of Slice LUTs:                      2,250 out of 101,400    2%
    Number used as logic:                    2,223 out of 101,400    2%
      Number using O6 output only:           1,139
      Number using O5 output only:             102
      Number using O5 and O6:                  982
      Number used as ROM:                        0
    Number used as Memory:                       9 out of  35,000    1%
      Number used as Dual Port RAM:              8
        Number using O6 output only:             4
        Number using O5 output only:             0
        Number using O5 and O6:                  4
      Number used as Single Port RAM:            0
      Number used as Shift Register:             1
        Number using O6 output only:             1
        Number using O5 output only:             0
        Number using O5 and O6:                  0
    Number used exclusively as route-thrus:     18
      Number with same-slice register load:     10
      Number with same-slice carry load:         8
      Number with other load:                    0

Slice Logic Distribution:
  Number of occupied Slices:                   827 out of  25,350    3%
  Number of LUT Flip Flop pairs used:        2,339
    Number with an unused Flip Flop:         1,586 out of   2,339   67%
    Number with an unused LUT:                  89 out of   2,339    3%
    Number of fully used LUT-FF pairs:         664 out of   2,339   28%
    Number of unique control sets:              67
    Number of slice register sites lost
      to control set restrictions:             314 out of 202,800    1%

  A LUT Flip Flop pair for this architecture represents one LUT paired with
  one Flip Flop within a slice.  A control set is a unique combination of
  clock, reset, set, and enable signals for a registered element.
  The Slice Logic Distribution report is not meaningful if the design is
  over-mapped for a non-slice resource or if Placement fails.
  OVERMAPPING of BRAM resources should be ignored if the design is
  over-mapped for a non-BRAM resource or if placement fails.

IO Utilization:
  Number of bonded IOBs:                        45 out of     400   11%
    Number of LOCed IOBs:                       45 out of      45  100%

Specific Feature Utilization:
  Number of RAMB36E1/FIFO36E1s:                  0 out of     325    0%
  Number of RAMB18E1/FIFO18E1s:                 33 out of     650    5%
    Number using RAMB18E1 only:                 33
    Number using FIFO18E1 only:                  0
  Number of BUFG/BUFGCTRLs:                      3 out of      32    9%
    Number used as BUFGs:                        3
    Number used as BUFGCTRLs:                    0
  Number of IDELAYE2/IDELAYE2_FINEDELAYs:        0 out of     400    0%
  Number of ILOGICE2/ILOGICE3/ISERDESE2s:        0 out of     400    0%
  Number of ODELAYE2/ODELAYE2_FINEDELAYs:        0 out of     150    0%
  Number of OLOGICE2/OLOGICE3/OSERDESE2s:        0 out of     400    0%
  Number of PHASER_IN/PHASER_IN_PHYs:            0 out of      32    0%
  Number of PHASER_OUT/PHASER_OUT_PHYs:          0 out of      32    0%
  Number of BSCANs:                              0 out of       4    0%
  Number of BUFHCEs:                             0 out of     120    0%
  Number of BUFRs:                               0 out of      32    0%
  Number of CAPTUREs:                            0 out of       1    0%
  Number of DNA_PORTs:                           0 out of       1    0%
  Number of DSP48E1s:                           25 out of     600    4%
  Number of EFUSE_USRs:                          0 out of       1    0%
  Number of FRAME_ECCs:                          0 out of       1    0%
  Number of GTXE2_CHANNELs:                      0 out of       8    0%
  Number of GTXE2_COMMONs:                       0 out of       2    0%
  Number of IBUFDS_GTE2s:                        0 out of       4    0%
  Number of ICAPs:                               0 out of       2    0%
  Number of IDELAYCTRLs:                         0 out of       8    0%
  Number of IN_FIFOs:                            0 out of      32    0%
  Number of MMCME2_ADVs:                         0 out of       8    0%
  Number of OUT_FIFOs:                           0 out of      32    0%
  Number of PCIE_2_1s:                           0 out of       1    0%
  Number of PHASER_REFs:                         0 out of       8    0%
  Number of PHY_CONTROLs:                        0 out of       8    0%
  Number of PLLE2_ADVs:                          0 out of       8    0%
  Number of STARTUPs:                            0 out of       1    0%
  Number of XADCs:                               0 out of       1    0%

Average Fanout of Non-Clock Nets:                3.85

Peak Memory Usage:  5187 MB
Total REAL time to MAP completion:  1 mins 39 secs 
Total CPU time to MAP completion:   1 mins 36 secs 

Table of Contents
-----------------
Section 1 - Errors
Section 2 - Warnings
Section 3 - Informational
Section 4 - Removed Logic Summary
Section 5 - Removed Logic
Section 6 - IOB Properties
Section 7 - RPMs
Section 8 - Guide Report
Section 9 - Area Group and Partition Summary
Section 10 - Timing Report
Section 11 - Configuration String Information
Section 12 - Control Set Information
Section 13 - Utilization by Hierarchy

Section 1 - Errors
------------------

Section 2 - Warnings
--------------------
WARNING:PhysDesignRules:367 - The signal <m0/m0/Mram_fifo1_RAMD_D1_O> is
   incomplete. The signal does not drive any load pins in the design.

Section 3 - Informational
-------------------------
INFO:LIT:243 - Logical network SW<15>_IBUF has no load.
INFO:LIT:395 - The above info message is repeated 16 more times for the
   following (max. 5 shown):
   SW<14>_IBUF,
   SW<13>_IBUF,
   SW<12>_IBUF,
   SW<11>_IBUF,
   SW<10>_IBUF
   To see the details of these info messages, please use the -detail switch.
INFO:Pack:1716 - Initializing temperature to 85.000 Celsius. (default - Range:
   0.000 to 85.000 Celsius)
INFO:Pack:1720 - Initializing voltage to 0.970 Volts. (default - Range: 0.970 to
   1.030 Volts)
INFO:Map:215 - The Interim Design Summary has been generated in the MAP Report
   (.mrp).
INFO:Pack:1650 - Map created a placed design.

Section 4 - Removed Logic Summary
---------------------------------
 137 block(s) removed
  71 block(s) optimized away
 115 signal(s) removed

Section 5 - Removed Logic
-------------------------

The trimmed logic report below shows the logic removed from your design due to
sourceless or loadless signals, and VCC or ground connections.  If the removal
of a signal or symbol results in the subsequent removal of an additional signal
or symbol, the message explaining that second removal will be indented.  This
indentation will be repeated as a chain of related logic is removed.

To quickly locate the original cause for the removal of a chain of logic, look
above the place where that logic is listed in the trimming report, then locate
the lines that are least indented (begin at the leftmost edge).

Loadless block "m4/Msub_GND_20_o_GND_20_o_sub_100_OUT<11:0>11" (ROM) removed.
Loadless block "m4/Msub_GND_20_o_GND_20_o_sub_119_OUT<11:0>11" (ROM) removed.
Loadless block "m4/Msub_GND_20_o_GND_20_o_sub_139_OUT<10:0>10" (ROM) removed.
Loadless block "m4/Msub_GND_20_o_GND_20_o_sub_24_OUT<9:0>9" (ROM) removed.
Loadless block "m4/Msub_GND_20_o_GND_20_o_sub_43_OUT<10:0>10" (ROM) removed.
Loadless block "m4/Msub_GND_20_o_GND_20_o_sub_62_OUT<10:0>10" (ROM) removed.
Loadless block "m4/Msub_GND_20_o_GND_20_o_sub_81_OUT<10:0>10" (ROM) removed.
Loadless block "m5/Msub_GND_20_o_GND_20_o_sub_100_OUT<11:0>11" (ROM) removed.
Loadless block "m5/Msub_GND_20_o_GND_20_o_sub_119_OUT<11:0>11" (ROM) removed.
Loadless block "m5/Msub_GND_20_o_GND_20_o_sub_139_OUT<10:0>10" (ROM) removed.
Loadless block "m5/Msub_GND_20_o_GND_20_o_sub_24_OUT<9:0>9" (ROM) removed.
Loadless block "m5/Msub_GND_20_o_GND_20_o_sub_43_OUT<10:0>10" (ROM) removed.
Loadless block "m5/Msub_GND_20_o_GND_20_o_sub_62_OUT<10:0>10" (ROM) removed.
Loadless block "m5/Msub_GND_20_o_GND_20_o_sub_81_OUT<10:0>10" (ROM) removed.
Loadless block "m6/Msub_GND_20_o_GND_20_o_sub_100_OUT<11:0>11" (ROM) removed.
Loadless block "m6/Msub_GND_20_o_GND_20_o_sub_119_OUT<11:0>11" (ROM) removed.
Loadless block "m6/Msub_GND_20_o_GND_20_o_sub_139_OUT<10:0>10" (ROM) removed.
Loadless block "m6/Msub_GND_20_o_GND_20_o_sub_24_OUT<9:0>9" (ROM) removed.
Loadless block "m6/Msub_GND_20_o_GND_20_o_sub_43_OUT<10:0>10" (ROM) removed.
Loadless block "m6/Msub_GND_20_o_GND_20_o_sub_62_OUT<10:0>10" (ROM) removed.
Loadless block "m6/Msub_GND_20_o_GND_20_o_sub_81_OUT<10:0>10" (ROM) removed.
Loadless block "m8/Msub_GND_35_o_GND_35_o_sub_31_OUT<13:0>13" (ROM) removed.

The trimmed logic reported below is either:
   1. part of a cycle
   2. part of disabled logic
   3. a side-effect of other trimmed logic

The signal
"m1/PWR_6_o_maxtick[17]_div_7/Madd_GND_6_o_b[17]_add_29_OUT_Madd_Madd_lut<25>"
is unused and has been removed.
 Unused block
"m1/PWR_6_o_maxtick[17]_div_7/Madd_GND_6_o_b[17]_add_29_OUT_Madd_Madd_lut<25>1"
(ROM) removed.
The signal
"m1/PWR_6_o_maxtick[17]_div_7/Madd_GND_6_o_b[17]_add_29_OUT_Madd_Madd_cy<24>" is
unused and has been removed.
 Unused block
"m1/PWR_6_o_maxtick[17]_div_7/Madd_GND_6_o_b[17]_add_29_OUT_Madd_Madd_cy<24>"
(MUX) removed.
  The signal
"m1/PWR_6_o_maxtick[17]_div_7/Madd_GND_6_o_b[17]_add_29_OUT_Madd_Madd_cy<23>" is
unused and has been removed.
   Unused block
"m1/PWR_6_o_maxtick[17]_div_7/Madd_GND_6_o_b[17]_add_29_OUT_Madd_Madd_cy<23>"
(MUX) removed.
    The signal
"m1/PWR_6_o_maxtick[17]_div_7/Madd_GND_6_o_b[17]_add_29_OUT_Madd_Madd_cy<22>" is
unused and has been removed.
     Unused block
"m1/PWR_6_o_maxtick[17]_div_7/Madd_GND_6_o_b[17]_add_29_OUT_Madd_Madd_cy<22>"
(MUX) removed.
      The signal
"m1/PWR_6_o_maxtick[17]_div_7/Madd_GND_6_o_b[17]_add_29_OUT_Madd_Madd_cy<21>" is
unused and has been removed.
       Unused block
"m1/PWR_6_o_maxtick[17]_div_7/Madd_GND_6_o_b[17]_add_29_OUT_Madd_Madd_cy<21>"
(MUX) removed.
        The signal
"m1/PWR_6_o_maxtick[17]_div_7/Madd_GND_6_o_b[17]_add_29_OUT_Madd_Madd_cy<20>" is
unused and has been removed.
         Unused block
"m1/PWR_6_o_maxtick[17]_div_7/Madd_GND_6_o_b[17]_add_29_OUT_Madd_Madd_cy<20>"
(MUX) removed.
          The signal
"m1/PWR_6_o_maxtick[17]_div_7/Madd_GND_6_o_b[17]_add_29_OUT_Madd_Madd_cy<19>" is
unused and has been removed.
           Unused block
"m1/PWR_6_o_maxtick[17]_div_7/Madd_GND_6_o_b[17]_add_29_OUT_Madd_Madd_cy<19>"
(MUX) removed.
            The signal
"m1/PWR_6_o_maxtick[17]_div_7/Madd_GND_6_o_b[17]_add_29_OUT_Madd_Madd_cy<18>" is
unused and has been removed.
             Unused block
"m1/PWR_6_o_maxtick[17]_div_7/Madd_GND_6_o_b[17]_add_29_OUT_Madd_Madd_cy<18>"
(MUX) removed.
              The signal
"m1/PWR_6_o_maxtick[17]_div_7/Madd_GND_6_o_b[17]_add_29_OUT_Madd_Madd_cy<17>" is
unused and has been removed.
               Unused block
"m1/PWR_6_o_maxtick[17]_div_7/Madd_GND_6_o_b[17]_add_29_OUT_Madd_Madd_cy<17>"
(MUX) removed.
                The signal
"m1/PWR_6_o_maxtick[17]_div_7/Madd_GND_6_o_b[17]_add_29_OUT_Madd_Madd_cy<16>" is
unused and has been removed.
                 Unused block
"m1/PWR_6_o_maxtick[17]_div_7/Madd_GND_6_o_b[17]_add_29_OUT_Madd_Madd_cy<16>"
(MUX) removed.
                  The signal
"m1/PWR_6_o_maxtick[17]_div_7/Madd_GND_6_o_b[17]_add_29_OUT_Madd_Madd_cy<15>" is
unused and has been removed.
                   Unused block
"m1/PWR_6_o_maxtick[17]_div_7/Madd_GND_6_o_b[17]_add_29_OUT_Madd_Madd_cy<15>"
(MUX) removed.
                    The signal
"m1/PWR_6_o_maxtick[17]_div_7/Madd_GND_6_o_b[17]_add_29_OUT_Madd_Madd_cy<14>" is
unused and has been removed.
                     Unused block
"m1/PWR_6_o_maxtick[17]_div_7/Madd_GND_6_o_b[17]_add_29_OUT_Madd_Madd_cy<14>"
(MUX) removed.
                      The signal
"m1/PWR_6_o_maxtick[17]_div_7/Madd_GND_6_o_b[17]_add_29_OUT_Madd_Madd_cy<13>" is
unused and has been removed.
                       Unused block
"m1/PWR_6_o_maxtick[17]_div_7/Madd_GND_6_o_b[17]_add_29_OUT_Madd_Madd_cy<13>"
(MUX) removed.
                        The signal
"m1/PWR_6_o_maxtick[17]_div_7/Madd_GND_6_o_b[17]_add_29_OUT_Madd_Madd_lut<13>"
is unused and has been removed.
                         Unused block
"m1/PWR_6_o_maxtick[17]_div_7/Madd_GND_6_o_b[17]_add_29_OUT_Madd_Madd_lut<13>1_I
NV_0" (BUF) removed.
                      The signal
"m1/PWR_6_o_maxtick[17]_div_7/Madd_GND_6_o_b[17]_add_29_OUT_Madd_Madd_cy<14>_rt"
is unused and has been removed.
                       Unused block
"m1/PWR_6_o_maxtick[17]_div_7/Madd_GND_6_o_b[17]_add_29_OUT_Madd_Madd_cy<14>_rt"
(ROM) removed.
                    The signal
"m1/PWR_6_o_maxtick[17]_div_7/Madd_GND_6_o_b[17]_add_29_OUT_Madd_Madd_lut<15>"
is unused and has been removed.
                     Unused block
"m1/PWR_6_o_maxtick[17]_div_7/Madd_GND_6_o_b[17]_add_29_OUT_Madd_Madd_lut<15>1_I
NV_0" (BUF) removed.
                  The signal
"m1/PWR_6_o_maxtick[17]_div_7/Madd_GND_6_o_b[17]_add_29_OUT_Madd_Madd_cy<16>_rt"
is unused and has been removed.
                   Unused block
"m1/PWR_6_o_maxtick[17]_div_7/Madd_GND_6_o_b[17]_add_29_OUT_Madd_Madd_cy<16>_rt"
(ROM) removed.
                The signal
"m1/PWR_6_o_maxtick[17]_div_7/Madd_GND_6_o_b[17]_add_29_OUT_Madd_Madd_lut<17>"
is unused and has been removed.
                 Unused block
"m1/PWR_6_o_maxtick[17]_div_7/Madd_GND_6_o_b[17]_add_29_OUT_Madd_Madd_lut<17>1"
(ROM) removed.
              The signal
"m1/PWR_6_o_maxtick[17]_div_7/Madd_GND_6_o_b[17]_add_29_OUT_Madd_Madd_lut<18>"
is unused and has been removed.
               Unused block
"m1/PWR_6_o_maxtick[17]_div_7/Madd_GND_6_o_b[17]_add_29_OUT_Madd_Madd_lut<18>1"
(ROM) removed.
            The signal
"m1/PWR_6_o_maxtick[17]_div_7/Madd_GND_6_o_b[17]_add_29_OUT_Madd_Madd_lut<19>"
is unused and has been removed.
             Unused block
"m1/PWR_6_o_maxtick[17]_div_7/Madd_GND_6_o_b[17]_add_29_OUT_Madd_Madd_lut<19>1"
(ROM) removed.
          The signal
"m1/PWR_6_o_maxtick[17]_div_7/Madd_GND_6_o_b[17]_add_29_OUT_Madd_Madd_lut<20>"
is unused and has been removed.
           Unused block
"m1/PWR_6_o_maxtick[17]_div_7/Madd_GND_6_o_b[17]_add_29_OUT_Madd_Madd_lut<20>1"
(ROM) removed.
        The signal
"m1/PWR_6_o_maxtick[17]_div_7/Madd_GND_6_o_b[17]_add_29_OUT_Madd_Madd_lut<21>"
is unused and has been removed.
         Unused block
"m1/PWR_6_o_maxtick[17]_div_7/Madd_GND_6_o_b[17]_add_29_OUT_Madd_Madd_lut<21>1"
(ROM) removed.
      The signal
"m1/PWR_6_o_maxtick[17]_div_7/Madd_GND_6_o_b[17]_add_29_OUT_Madd_Madd_lut<22>"
is unused and has been removed.
       Unused block
"m1/PWR_6_o_maxtick[17]_div_7/Madd_GND_6_o_b[17]_add_29_OUT_Madd_Madd_lut<22>1"
(ROM) removed.
    The signal
"m1/PWR_6_o_maxtick[17]_div_7/Madd_GND_6_o_b[17]_add_29_OUT_Madd_Madd_lut<23>"
is unused and has been removed.
     Unused block
"m1/PWR_6_o_maxtick[17]_div_7/Madd_GND_6_o_b[17]_add_29_OUT_Madd_Madd_lut<23>1"
(ROM) removed.
  The signal
"m1/PWR_6_o_maxtick[17]_div_7/Madd_GND_6_o_b[17]_add_29_OUT_Madd_Madd_lut<24>"
is unused and has been removed.
   Unused block
"m1/PWR_6_o_maxtick[17]_div_7/Madd_GND_6_o_b[17]_add_29_OUT_Madd_Madd_lut<24>1"
(ROM) removed.
The signal
"m1/PWR_6_o_maxtick[17]_div_7/Madd_GND_6_o_b[17]_add_27_OUT_Madd_Madd_lut<25>"
is unused and has been removed.
 Unused block
"m1/PWR_6_o_maxtick[17]_div_7/Madd_GND_6_o_b[17]_add_27_OUT_Madd_Madd_lut<25>1"
(ROM) removed.
The signal
"m1/PWR_6_o_maxtick[17]_div_7/Madd_GND_6_o_b[17]_add_27_OUT_Madd_Madd_cy<24>" is
unused and has been removed.
 Unused block
"m1/PWR_6_o_maxtick[17]_div_7/Madd_GND_6_o_b[17]_add_27_OUT_Madd_Madd_cy<24>"
(MUX) removed.
  The signal
"m1/PWR_6_o_maxtick[17]_div_7/Madd_GND_6_o_b[17]_add_27_OUT_Madd_Madd_cy<23>" is
unused and has been removed.
   Unused block
"m1/PWR_6_o_maxtick[17]_div_7/Madd_GND_6_o_b[17]_add_27_OUT_Madd_Madd_cy<23>"
(MUX) removed.
    The signal
"m1/PWR_6_o_maxtick[17]_div_7/Madd_GND_6_o_b[17]_add_27_OUT_Madd_Madd_cy<22>" is
unused and has been removed.
     Unused block
"m1/PWR_6_o_maxtick[17]_div_7/Madd_GND_6_o_b[17]_add_27_OUT_Madd_Madd_cy<22>"
(MUX) removed.
      The signal
"m1/PWR_6_o_maxtick[17]_div_7/Madd_GND_6_o_b[17]_add_27_OUT_Madd_Madd_cy<21>" is
unused and has been removed.
       Unused block
"m1/PWR_6_o_maxtick[17]_div_7/Madd_GND_6_o_b[17]_add_27_OUT_Madd_Madd_cy<21>"
(MUX) removed.
        The signal
"m1/PWR_6_o_maxtick[17]_div_7/Madd_GND_6_o_b[17]_add_27_OUT_Madd_Madd_cy<20>" is
unused and has been removed.
         Unused block
"m1/PWR_6_o_maxtick[17]_div_7/Madd_GND_6_o_b[17]_add_27_OUT_Madd_Madd_cy<20>"
(MUX) removed.
          The signal
"m1/PWR_6_o_maxtick[17]_div_7/Madd_GND_6_o_b[17]_add_27_OUT_Madd_Madd_cy<19>" is
unused and has been removed.
           Unused block
"m1/PWR_6_o_maxtick[17]_div_7/Madd_GND_6_o_b[17]_add_27_OUT_Madd_Madd_cy<19>"
(MUX) removed.
            The signal
"m1/PWR_6_o_maxtick[17]_div_7/Madd_GND_6_o_b[17]_add_27_OUT_Madd_Madd_cy<18>" is
unused and has been removed.
             Unused block
"m1/PWR_6_o_maxtick[17]_div_7/Madd_GND_6_o_b[17]_add_27_OUT_Madd_Madd_cy<18>"
(MUX) removed.
              The signal
"m1/PWR_6_o_maxtick[17]_div_7/Madd_GND_6_o_b[17]_add_27_OUT_Madd_Madd_cy<17>" is
unused and has been removed.
               Unused block
"m1/PWR_6_o_maxtick[17]_div_7/Madd_GND_6_o_b[17]_add_27_OUT_Madd_Madd_cy<17>"
(MUX) removed.
                The signal
"m1/PWR_6_o_maxtick[17]_div_7/Madd_GND_6_o_b[17]_add_27_OUT_Madd_Madd_cy<16>" is
unused and has been removed.
                 Unused block
"m1/PWR_6_o_maxtick[17]_div_7/Madd_GND_6_o_b[17]_add_27_OUT_Madd_Madd_cy<16>"
(MUX) removed.
                  The signal
"m1/PWR_6_o_maxtick[17]_div_7/Madd_GND_6_o_b[17]_add_27_OUT_Madd_Madd_cy<15>" is
unused and has been removed.
                   Unused block
"m1/PWR_6_o_maxtick[17]_div_7/Madd_GND_6_o_b[17]_add_27_OUT_Madd_Madd_cy<15>"
(MUX) removed.
                    The signal
"m1/PWR_6_o_maxtick[17]_div_7/Madd_GND_6_o_b[17]_add_27_OUT_Madd_Madd_cy<14>" is
unused and has been removed.
                     Unused block
"m1/PWR_6_o_maxtick[17]_div_7/Madd_GND_6_o_b[17]_add_27_OUT_Madd_Madd_cy<14>"
(MUX) removed.
                      The signal
"m1/PWR_6_o_maxtick[17]_div_7/Madd_GND_6_o_b[17]_add_27_OUT_Madd_Madd_cy<13>" is
unused and has been removed.
                       Unused block
"m1/PWR_6_o_maxtick[17]_div_7/Madd_GND_6_o_b[17]_add_27_OUT_Madd_Madd_cy<13>"
(MUX) removed.
                        The signal
"m1/PWR_6_o_maxtick[17]_div_7/Madd_GND_6_o_b[17]_add_27_OUT_Madd_Madd_lut<13>"
is unused and has been removed.
                         Unused block
"m1/PWR_6_o_maxtick[17]_div_7/Madd_GND_6_o_b[17]_add_27_OUT_Madd_Madd_lut<13>1_I
NV_0" (BUF) removed.
                      The signal
"m1/PWR_6_o_maxtick[17]_div_7/Madd_GND_6_o_b[17]_add_27_OUT_Madd_Madd_cy<14>_rt"
is unused and has been removed.
                       Unused block
"m1/PWR_6_o_maxtick[17]_div_7/Madd_GND_6_o_b[17]_add_27_OUT_Madd_Madd_cy<14>_rt"
(ROM) removed.
                    The signal
"m1/PWR_6_o_maxtick[17]_div_7/Madd_GND_6_o_b[17]_add_27_OUT_Madd_Madd_lut<15>"
is unused and has been removed.
                     Unused block
"m1/PWR_6_o_maxtick[17]_div_7/Madd_GND_6_o_b[17]_add_27_OUT_Madd_Madd_lut<15>1_I
NV_0" (BUF) removed.
                  The signal
"m1/PWR_6_o_maxtick[17]_div_7/Madd_GND_6_o_b[17]_add_27_OUT_Madd_Madd_cy<16>_rt"
is unused and has been removed.
                   Unused block
"m1/PWR_6_o_maxtick[17]_div_7/Madd_GND_6_o_b[17]_add_27_OUT_Madd_Madd_cy<16>_rt"
(ROM) removed.
                The signal
"m1/PWR_6_o_maxtick[17]_div_7/Madd_GND_6_o_b[17]_add_27_OUT_Madd_Madd_lut<17>"
is unused and has been removed.
                 Unused block
"m1/PWR_6_o_maxtick[17]_div_7/Madd_GND_6_o_b[17]_add_27_OUT_Madd_Madd_lut<17>1"
(ROM) removed.
              The signal
"m1/PWR_6_o_maxtick[17]_div_7/Madd_GND_6_o_b[17]_add_27_OUT_Madd_Madd_lut<18>"
is unused and has been removed.
               Unused block
"m1/PWR_6_o_maxtick[17]_div_7/Madd_GND_6_o_b[17]_add_27_OUT_Madd_Madd_lut<18>1"
(ROM) removed.
            The signal
"m1/PWR_6_o_maxtick[17]_div_7/Madd_GND_6_o_b[17]_add_27_OUT_Madd_Madd_lut<19>"
is unused and has been removed.
             Unused block
"m1/PWR_6_o_maxtick[17]_div_7/Madd_GND_6_o_b[17]_add_27_OUT_Madd_Madd_lut<19>1"
(ROM) removed.
          The signal
"m1/PWR_6_o_maxtick[17]_div_7/Madd_GND_6_o_b[17]_add_27_OUT_Madd_Madd_lut<20>"
is unused and has been removed.
           Unused block
"m1/PWR_6_o_maxtick[17]_div_7/Madd_GND_6_o_b[17]_add_27_OUT_Madd_Madd_lut<20>1"
(ROM) removed.
        The signal
"m1/PWR_6_o_maxtick[17]_div_7/Madd_GND_6_o_b[17]_add_27_OUT_Madd_Madd_lut<21>"
is unused and has been removed.
         Unused block
"m1/PWR_6_o_maxtick[17]_div_7/Madd_GND_6_o_b[17]_add_27_OUT_Madd_Madd_lut<21>1"
(ROM) removed.
      The signal
"m1/PWR_6_o_maxtick[17]_div_7/Madd_GND_6_o_b[17]_add_27_OUT_Madd_Madd_lut<22>"
is unused and has been removed.
       Unused block
"m1/PWR_6_o_maxtick[17]_div_7/Madd_GND_6_o_b[17]_add_27_OUT_Madd_Madd_lut<22>1"
(ROM) removed.
    The signal
"m1/PWR_6_o_maxtick[17]_div_7/Madd_GND_6_o_b[17]_add_27_OUT_Madd_Madd_lut<23>"
is unused and has been removed.
     Unused block
"m1/PWR_6_o_maxtick[17]_div_7/Madd_GND_6_o_b[17]_add_27_OUT_Madd_Madd_lut<23>1"
(ROM) removed.
  The signal
"m1/PWR_6_o_maxtick[17]_div_7/Madd_GND_6_o_b[17]_add_27_OUT_Madd_Madd_lut<24>"
is unused and has been removed.
   Unused block
"m1/PWR_6_o_maxtick[17]_div_7/Madd_GND_6_o_b[17]_add_27_OUT_Madd_Madd_lut<24>1"
(ROM) removed.
The signal
"m1/PWR_6_o_maxtick[17]_div_7/Madd_GND_6_o_b[17]_add_25_OUT_Madd_Madd_lut<25>"
is unused and has been removed.
 Unused block
"m1/PWR_6_o_maxtick[17]_div_7/Madd_GND_6_o_b[17]_add_25_OUT_Madd_Madd_lut<25>1"
(ROM) removed.
The signal
"m1/PWR_6_o_maxtick[17]_div_7/Madd_GND_6_o_b[17]_add_25_OUT_Madd_Madd_cy<24>" is
unused and has been removed.
 Unused block
"m1/PWR_6_o_maxtick[17]_div_7/Madd_GND_6_o_b[17]_add_25_OUT_Madd_Madd_cy<24>"
(MUX) removed.
  The signal
"m1/PWR_6_o_maxtick[17]_div_7/Madd_GND_6_o_b[17]_add_25_OUT_Madd_Madd_cy<23>" is
unused and has been removed.
   Unused block
"m1/PWR_6_o_maxtick[17]_div_7/Madd_GND_6_o_b[17]_add_25_OUT_Madd_Madd_cy<23>"
(MUX) removed.
    The signal
"m1/PWR_6_o_maxtick[17]_div_7/Madd_GND_6_o_b[17]_add_25_OUT_Madd_Madd_cy<22>" is
unused and has been removed.
     Unused block
"m1/PWR_6_o_maxtick[17]_div_7/Madd_GND_6_o_b[17]_add_25_OUT_Madd_Madd_cy<22>"
(MUX) removed.
      The signal
"m1/PWR_6_o_maxtick[17]_div_7/Madd_GND_6_o_b[17]_add_25_OUT_Madd_Madd_cy<21>" is
unused and has been removed.
       Unused block
"m1/PWR_6_o_maxtick[17]_div_7/Madd_GND_6_o_b[17]_add_25_OUT_Madd_Madd_cy<21>"
(MUX) removed.
        The signal
"m1/PWR_6_o_maxtick[17]_div_7/Madd_GND_6_o_b[17]_add_25_OUT_Madd_Madd_cy<20>" is
unused and has been removed.
         Unused block
"m1/PWR_6_o_maxtick[17]_div_7/Madd_GND_6_o_b[17]_add_25_OUT_Madd_Madd_cy<20>"
(MUX) removed.
          The signal
"m1/PWR_6_o_maxtick[17]_div_7/Madd_GND_6_o_b[17]_add_25_OUT_Madd_Madd_cy<19>" is
unused and has been removed.
           Unused block
"m1/PWR_6_o_maxtick[17]_div_7/Madd_GND_6_o_b[17]_add_25_OUT_Madd_Madd_cy<19>"
(MUX) removed.
            The signal
"m1/PWR_6_o_maxtick[17]_div_7/Madd_GND_6_o_b[17]_add_25_OUT_Madd_Madd_cy<18>" is
unused and has been removed.
             Unused block
"m1/PWR_6_o_maxtick[17]_div_7/Madd_GND_6_o_b[17]_add_25_OUT_Madd_Madd_cy<18>"
(MUX) removed.
              The signal
"m1/PWR_6_o_maxtick[17]_div_7/Madd_GND_6_o_b[17]_add_25_OUT_Madd_Madd_cy<17>" is
unused and has been removed.
               Unused block
"m1/PWR_6_o_maxtick[17]_div_7/Madd_GND_6_o_b[17]_add_25_OUT_Madd_Madd_cy<17>"
(MUX) removed.
                The signal
"m1/PWR_6_o_maxtick[17]_div_7/Madd_GND_6_o_b[17]_add_25_OUT_Madd_Madd_cy<16>" is
unused and has been removed.
                 Unused block
"m1/PWR_6_o_maxtick[17]_div_7/Madd_GND_6_o_b[17]_add_25_OUT_Madd_Madd_cy<16>"
(MUX) removed.
                  The signal
"m1/PWR_6_o_maxtick[17]_div_7/Madd_GND_6_o_b[17]_add_25_OUT_Madd_Madd_cy<15>" is
unused and has been removed.
                   Unused block
"m1/PWR_6_o_maxtick[17]_div_7/Madd_GND_6_o_b[17]_add_25_OUT_Madd_Madd_cy<15>"
(MUX) removed.
                    The signal
"m1/PWR_6_o_maxtick[17]_div_7/Madd_GND_6_o_b[17]_add_25_OUT_Madd_Madd_lut<15>"
is unused and has been removed.
                     Unused block
"m1/PWR_6_o_maxtick[17]_div_7/Madd_GND_6_o_b[17]_add_25_OUT_Madd_Madd_lut<15>1_I
NV_0" (BUF) removed.
                  The signal
"m1/PWR_6_o_maxtick[17]_div_7/Madd_GND_6_o_b[17]_add_25_OUT_Madd_Madd_cy<16>_rt"
is unused and has been removed.
                   Unused block
"m1/PWR_6_o_maxtick[17]_div_7/Madd_GND_6_o_b[17]_add_25_OUT_Madd_Madd_cy<16>_rt"
(ROM) removed.
                The signal
"m1/PWR_6_o_maxtick[17]_div_7/Madd_GND_6_o_b[17]_add_25_OUT_Madd_Madd_lut<17>"
is unused and has been removed.
                 Unused block
"m1/PWR_6_o_maxtick[17]_div_7/Madd_GND_6_o_b[17]_add_25_OUT_Madd_Madd_lut<17>1"
(ROM) removed.
              The signal
"m1/PWR_6_o_maxtick[17]_div_7/Madd_GND_6_o_b[17]_add_25_OUT_Madd_Madd_lut<18>"
is unused and has been removed.
               Unused block
"m1/PWR_6_o_maxtick[17]_div_7/Madd_GND_6_o_b[17]_add_25_OUT_Madd_Madd_lut<18>1"
(ROM) removed.
            The signal
"m1/PWR_6_o_maxtick[17]_div_7/Madd_GND_6_o_b[17]_add_25_OUT_Madd_Madd_lut<19>"
is unused and has been removed.
             Unused block
"m1/PWR_6_o_maxtick[17]_div_7/Madd_GND_6_o_b[17]_add_25_OUT_Madd_Madd_lut<19>1"
(ROM) removed.
          The signal
"m1/PWR_6_o_maxtick[17]_div_7/Madd_GND_6_o_b[17]_add_25_OUT_Madd_Madd_lut<20>"
is unused and has been removed.
           Unused block
"m1/PWR_6_o_maxtick[17]_div_7/Madd_GND_6_o_b[17]_add_25_OUT_Madd_Madd_lut<20>1"
(ROM) removed.
        The signal
"m1/PWR_6_o_maxtick[17]_div_7/Madd_GND_6_o_b[17]_add_25_OUT_Madd_Madd_lut<21>"
is unused and has been removed.
         Unused block
"m1/PWR_6_o_maxtick[17]_div_7/Madd_GND_6_o_b[17]_add_25_OUT_Madd_Madd_lut<21>1"
(ROM) removed.
      The signal
"m1/PWR_6_o_maxtick[17]_div_7/Madd_GND_6_o_b[17]_add_25_OUT_Madd_Madd_lut<22>"
is unused and has been removed.
       Unused block
"m1/PWR_6_o_maxtick[17]_div_7/Madd_GND_6_o_b[17]_add_25_OUT_Madd_Madd_lut<22>1"
(ROM) removed.
    The signal
"m1/PWR_6_o_maxtick[17]_div_7/Madd_GND_6_o_b[17]_add_25_OUT_Madd_Madd_lut<23>"
is unused and has been removed.
     Unused block
"m1/PWR_6_o_maxtick[17]_div_7/Madd_GND_6_o_b[17]_add_25_OUT_Madd_Madd_lut<23>1"
(ROM) removed.
  The signal
"m1/PWR_6_o_maxtick[17]_div_7/Madd_GND_6_o_b[17]_add_25_OUT_Madd_Madd_lut<24>"
is unused and has been removed.
   Unused block
"m1/PWR_6_o_maxtick[17]_div_7/Madd_GND_6_o_b[17]_add_25_OUT_Madd_Madd_lut<24>1"
(ROM) removed.
The signal
"m1/PWR_6_o_maxtick[17]_div_7/Madd_GND_6_o_b[17]_add_17_OUT_Madd_Madd_lut<24>"
is unused and has been removed.
 Unused block
"m1/PWR_6_o_maxtick[17]_div_7/Madd_GND_6_o_b[17]_add_17_OUT_Madd_Madd_lut<24>"
(ROM) removed.
The signal
"m1/PWR_6_o_maxtick[17]_div_7/Madd_GND_6_o_b[17]_add_17_OUT_Madd_Madd_cy<23>" is
unused and has been removed.
 Unused block
"m1/PWR_6_o_maxtick[17]_div_7/Madd_GND_6_o_b[17]_add_17_OUT_Madd_Madd_cy<23>"
(MUX) removed.
  The signal
"m1/PWR_6_o_maxtick[17]_div_7/Madd_GND_6_o_b[17]_add_17_OUT_Madd_Madd_cy<22>" is
unused and has been removed.
   Unused block
"m1/PWR_6_o_maxtick[17]_div_7/Madd_GND_6_o_b[17]_add_17_OUT_Madd_Madd_cy<22>"
(MUX) removed.
    The signal
"m1/PWR_6_o_maxtick[17]_div_7/Madd_GND_6_o_b[17]_add_17_OUT_Madd_Madd_cy<21>" is
unused and has been removed.
     Unused block
"m1/PWR_6_o_maxtick[17]_div_7/Madd_GND_6_o_b[17]_add_17_OUT_Madd_Madd_cy<21>"
(MUX) removed.
      The signal
"m1/PWR_6_o_maxtick[17]_div_7/Madd_GND_6_o_b[17]_add_17_OUT_Madd_Madd_cy<20>" is
unused and has been removed.
       Unused block
"m1/PWR_6_o_maxtick[17]_div_7/Madd_GND_6_o_b[17]_add_17_OUT_Madd_Madd_cy<20>"
(MUX) removed.
        The signal
"m1/PWR_6_o_maxtick[17]_div_7/Madd_GND_6_o_b[17]_add_17_OUT_Madd_Madd_cy<19>" is
unused and has been removed.
         Unused block
"m1/PWR_6_o_maxtick[17]_div_7/Madd_GND_6_o_b[17]_add_17_OUT_Madd_Madd_cy<19>"
(MUX) removed.
          The signal
"m1/PWR_6_o_maxtick[17]_div_7/Madd_GND_6_o_b[17]_add_17_OUT_Madd_Madd_lut<19>"
is unused and has been removed.
           Unused block
"m1/PWR_6_o_maxtick[17]_div_7/Madd_GND_6_o_b[17]_add_17_OUT_Madd_Madd_lut<19>1_I
NV_0" (BUF) removed.
        The signal
"m1/PWR_6_o_maxtick[17]_div_7/Madd_GND_6_o_b[17]_add_17_OUT_Madd_Madd_lut<20>"
is unused and has been removed.
         Unused block
"m1/PWR_6_o_maxtick[17]_div_7/Madd_GND_6_o_b[17]_add_17_OUT_Madd_Madd_lut<20>"
(ROM) removed.
      The signal
"m1/PWR_6_o_maxtick[17]_div_7/Madd_GND_6_o_b[17]_add_17_OUT_Madd_Madd_lut<21>"
is unused and has been removed.
       Unused block
"m1/PWR_6_o_maxtick[17]_div_7/Madd_GND_6_o_b[17]_add_17_OUT_Madd_Madd_lut<21>"
(ROM) removed.
    The signal
"m1/PWR_6_o_maxtick[17]_div_7/Madd_GND_6_o_b[17]_add_17_OUT_Madd_Madd_lut<22>"
is unused and has been removed.
     Unused block
"m1/PWR_6_o_maxtick[17]_div_7/Madd_GND_6_o_b[17]_add_17_OUT_Madd_Madd_lut<22>"
(ROM) removed.
  The signal
"m1/PWR_6_o_maxtick[17]_div_7/Madd_GND_6_o_b[17]_add_17_OUT_Madd_Madd_lut<23>"
is unused and has been removed.
   Unused block
"m1/PWR_6_o_maxtick[17]_div_7/Madd_GND_6_o_b[17]_add_17_OUT_Madd_Madd_lut<23>"
(ROM) removed.
The signal "m1/PWR_6_o_maxtick[17]_div_7/GND_6_o_b[17]_add_29_OUT<12>" is unused
and has been removed.
 Unused block
"m1/PWR_6_o_maxtick[17]_div_7/Madd_GND_6_o_b[17]_add_29_OUT_Madd_Madd_xor<12>"
(XOR) removed.
  The signal
"m1/PWR_6_o_maxtick[17]_div_7/Madd_GND_6_o_b[17]_add_29_OUT_Madd_Madd_xor<12>_rt
" is unused and has been removed.
   Unused block
"m1/PWR_6_o_maxtick[17]_div_7/Madd_GND_6_o_b[17]_add_29_OUT_Madd_Madd_xor<12>_rt
" (ROM) removed.
The signal "m1/PWR_6_o_maxtick[17]_div_7/GND_6_o_b[17]_add_29_OUT<13>" is unused
and has been removed.
 Unused block
"m1/PWR_6_o_maxtick[17]_div_7/Madd_GND_6_o_b[17]_add_29_OUT_Madd_Madd_xor<13>"
(XOR) removed.
The signal "m1/PWR_6_o_maxtick[17]_div_7/GND_6_o_b[17]_add_29_OUT<15>" is unused
and has been removed.
 Unused block
"m1/PWR_6_o_maxtick[17]_div_7/Madd_GND_6_o_b[17]_add_29_OUT_Madd_Madd_xor<15>"
(XOR) removed.
The signal "m1/PWR_6_o_maxtick[17]_div_7/GND_6_o_b[17]_add_29_OUT<17>" is unused
and has been removed.
 Unused block
"m1/PWR_6_o_maxtick[17]_div_7/Madd_GND_6_o_b[17]_add_29_OUT_Madd_Madd_xor<17>"
(XOR) removed.
The signal "m1/PWR_6_o_maxtick[17]_div_7/GND_6_o_b[17]_add_29_OUT<18>" is unused
and has been removed.
 Unused block
"m1/PWR_6_o_maxtick[17]_div_7/Madd_GND_6_o_b[17]_add_29_OUT_Madd_Madd_xor<18>"
(XOR) removed.
The signal "m1/PWR_6_o_maxtick[17]_div_7/GND_6_o_b[17]_add_29_OUT<19>" is unused
and has been removed.
 Unused block
"m1/PWR_6_o_maxtick[17]_div_7/Madd_GND_6_o_b[17]_add_29_OUT_Madd_Madd_xor<19>"
(XOR) removed.
The signal "m1/PWR_6_o_maxtick[17]_div_7/GND_6_o_b[17]_add_29_OUT<20>" is unused
and has been removed.
 Unused block
"m1/PWR_6_o_maxtick[17]_div_7/Madd_GND_6_o_b[17]_add_29_OUT_Madd_Madd_xor<20>"
(XOR) removed.
The signal "m1/PWR_6_o_maxtick[17]_div_7/GND_6_o_b[17]_add_29_OUT<21>" is unused
and has been removed.
 Unused block
"m1/PWR_6_o_maxtick[17]_div_7/Madd_GND_6_o_b[17]_add_29_OUT_Madd_Madd_xor<21>"
(XOR) removed.
The signal "m1/PWR_6_o_maxtick[17]_div_7/GND_6_o_b[17]_add_29_OUT<22>" is unused
and has been removed.
 Unused block
"m1/PWR_6_o_maxtick[17]_div_7/Madd_GND_6_o_b[17]_add_29_OUT_Madd_Madd_xor<22>"
(XOR) removed.
The signal "m1/PWR_6_o_maxtick[17]_div_7/GND_6_o_b[17]_add_29_OUT<23>" is unused
and has been removed.
 Unused block
"m1/PWR_6_o_maxtick[17]_div_7/Madd_GND_6_o_b[17]_add_29_OUT_Madd_Madd_xor<23>"
(XOR) removed.
The signal "m1/PWR_6_o_maxtick[17]_div_7/GND_6_o_b[17]_add_29_OUT<24>" is unused
and has been removed.
 Unused block
"m1/PWR_6_o_maxtick[17]_div_7/Madd_GND_6_o_b[17]_add_29_OUT_Madd_Madd_xor<24>"
(XOR) removed.
The signal "m1/PWR_6_o_maxtick[17]_div_7/GND_6_o_b[17]_add_29_OUT<25>" is unused
and has been removed.
 Unused block
"m1/PWR_6_o_maxtick[17]_div_7/Madd_GND_6_o_b[17]_add_29_OUT_Madd_Madd_xor<25>"
(XOR) removed.
The signal "m1/PWR_6_o_maxtick[17]_div_7/GND_6_o_b[17]_add_27_OUT<13>" is unused
and has been removed.
 Unused block
"m1/PWR_6_o_maxtick[17]_div_7/Madd_GND_6_o_b[17]_add_27_OUT_Madd_Madd_xor<13>"
(XOR) removed.
The signal "m1/PWR_6_o_maxtick[17]_div_7/GND_6_o_b[17]_add_27_OUT<17>" is unused
and has been removed.
 Unused block
"m1/PWR_6_o_maxtick[17]_div_7/Madd_GND_6_o_b[17]_add_27_OUT_Madd_Madd_xor<17>"
(XOR) removed.
The signal "m1/PWR_6_o_maxtick[17]_div_7/GND_6_o_b[17]_add_27_OUT<18>" is unused
and has been removed.
 Unused block
"m1/PWR_6_o_maxtick[17]_div_7/Madd_GND_6_o_b[17]_add_27_OUT_Madd_Madd_xor<18>"
(XOR) removed.
The signal "m1/PWR_6_o_maxtick[17]_div_7/GND_6_o_b[17]_add_27_OUT<19>" is unused
and has been removed.
 Unused block
"m1/PWR_6_o_maxtick[17]_div_7/Madd_GND_6_o_b[17]_add_27_OUT_Madd_Madd_xor<19>"
(XOR) removed.
The signal "m1/PWR_6_o_maxtick[17]_div_7/GND_6_o_b[17]_add_27_OUT<20>" is unused
and has been removed.
 Unused block
"m1/PWR_6_o_maxtick[17]_div_7/Madd_GND_6_o_b[17]_add_27_OUT_Madd_Madd_xor<20>"
(XOR) removed.
The signal "m1/PWR_6_o_maxtick[17]_div_7/GND_6_o_b[17]_add_27_OUT<21>" is unused
and has been removed.
 Unused block
"m1/PWR_6_o_maxtick[17]_div_7/Madd_GND_6_o_b[17]_add_27_OUT_Madd_Madd_xor<21>"
(XOR) removed.
The signal "m1/PWR_6_o_maxtick[17]_div_7/GND_6_o_b[17]_add_27_OUT<22>" is unused
and has been removed.
 Unused block
"m1/PWR_6_o_maxtick[17]_div_7/Madd_GND_6_o_b[17]_add_27_OUT_Madd_Madd_xor<22>"
(XOR) removed.
The signal "m1/PWR_6_o_maxtick[17]_div_7/GND_6_o_b[17]_add_27_OUT<23>" is unused
and has been removed.
 Unused block
"m1/PWR_6_o_maxtick[17]_div_7/Madd_GND_6_o_b[17]_add_27_OUT_Madd_Madd_xor<23>"
(XOR) removed.
The signal "m1/PWR_6_o_maxtick[17]_div_7/GND_6_o_b[17]_add_27_OUT<24>" is unused
and has been removed.
 Unused block
"m1/PWR_6_o_maxtick[17]_div_7/Madd_GND_6_o_b[17]_add_27_OUT_Madd_Madd_xor<24>"
(XOR) removed.
The signal "m1/PWR_6_o_maxtick[17]_div_7/GND_6_o_b[17]_add_27_OUT<25>" is unused
and has been removed.
 Unused block
"m1/PWR_6_o_maxtick[17]_div_7/Madd_GND_6_o_b[17]_add_27_OUT_Madd_Madd_xor<25>"
(XOR) removed.
The signal "m1/PWR_6_o_maxtick[17]_div_7/GND_6_o_b[17]_add_25_OUT<18>" is unused
and has been removed.
 Unused block
"m1/PWR_6_o_maxtick[17]_div_7/Madd_GND_6_o_b[17]_add_25_OUT_Madd_Madd_xor<18>"
(XOR) removed.
The signal "m1/PWR_6_o_maxtick[17]_div_7/GND_6_o_b[17]_add_25_OUT<19>" is unused
and has been removed.
 Unused block
"m1/PWR_6_o_maxtick[17]_div_7/Madd_GND_6_o_b[17]_add_25_OUT_Madd_Madd_xor<19>"
(XOR) removed.
The signal "m1/PWR_6_o_maxtick[17]_div_7/GND_6_o_b[17]_add_25_OUT<20>" is unused
and has been removed.
 Unused block
"m1/PWR_6_o_maxtick[17]_div_7/Madd_GND_6_o_b[17]_add_25_OUT_Madd_Madd_xor<20>"
(XOR) removed.
The signal "m1/PWR_6_o_maxtick[17]_div_7/GND_6_o_b[17]_add_25_OUT<25>" is unused
and has been removed.
 Unused block
"m1/PWR_6_o_maxtick[17]_div_7/Madd_GND_6_o_b[17]_add_25_OUT_Madd_Madd_xor<25>"
(XOR) removed.
The signal "m1/PWR_6_o_maxtick[17]_div_7/GND_6_o_b[17]_add_17_OUT<18>" is unused
and has been removed.
 Unused block
"m1/PWR_6_o_maxtick[17]_div_7/Madd_GND_6_o_b[17]_add_17_OUT_Madd_Madd_xor<18>"
(XOR) removed.
  The signal
"m1/PWR_6_o_maxtick[17]_div_7/Madd_GND_6_o_b[17]_add_17_OUT_Madd_Madd_xor<18>_rt
" is unused and has been removed.
   Unused block
"m1/PWR_6_o_maxtick[17]_div_7/Madd_GND_6_o_b[17]_add_17_OUT_Madd_Madd_xor<18>_rt
" (ROM) removed.
The signal "m1/PWR_6_o_maxtick[17]_div_7/GND_6_o_b[17]_add_17_OUT<21>" is unused
and has been removed.
 Unused block
"m1/PWR_6_o_maxtick[17]_div_7/Madd_GND_6_o_b[17]_add_17_OUT_Madd_Madd_xor<21>"
(XOR) removed.
The signal "m1/PWR_6_o_maxtick[17]_div_7/GND_6_o_b[17]_add_17_OUT<22>" is unused
and has been removed.
 Unused block
"m1/PWR_6_o_maxtick[17]_div_7/Madd_GND_6_o_b[17]_add_17_OUT_Madd_Madd_xor<22>"
(XOR) removed.
The signal "m1/PWR_6_o_maxtick[17]_div_7/GND_6_o_b[17]_add_17_OUT<23>" is unused
and has been removed.
 Unused block
"m1/PWR_6_o_maxtick[17]_div_7/Madd_GND_6_o_b[17]_add_17_OUT_Madd_Madd_xor<23>"
(XOR) removed.
The signal "m1/PWR_6_o_maxtick[17]_div_7/GND_6_o_b[17]_add_17_OUT<24>" is unused
and has been removed.
 Unused block
"m1/PWR_6_o_maxtick[17]_div_7/Madd_GND_6_o_b[17]_add_17_OUT_Madd_Madd_xor<24>"
(XOR) removed.

Optimized Block(s):
TYPE 		BLOCK
GND 		XST_GND
VCC 		XST_VCC
GND 		m2/Harrylow1/XST_GND
VCC 		m2/Harrylow1/XST_VCC
GND 		m2/Harrylow2/XST_GND
VCC 		m2/Harrylow2/XST_VCC
GND 		m2/Harrywalk1/XST_GND
VCC 		m2/Harrywalk1/XST_VCC
GND 		m2/Harrywalk2/XST_GND
VCC 		m2/Harrywalk2/XST_VCC
GND 		m2/dead/XST_GND
VCC 		m2/dead/XST_VCC
GND 		m2/start/XST_GND
VCC 		m2/start/XST_VCC
GND 		m4/b1/XST_GND
VCC 		m4/b1/XST_VCC
GND 		m4/b2/XST_GND
VCC 		m4/b2/XST_VCC
GND 		m4/cl1/XST_GND
VCC 		m4/cl1/XST_VCC
GND 		m4/cl2/XST_GND
VCC 		m4/cl2/XST_VCC
GND 		m4/cl3/XST_GND
VCC 		m4/cl3/XST_VCC
GND 		m4/cs1/XST_GND
VCC 		m4/cs1/XST_VCC
GND 		m4/cs2/XST_GND
VCC 		m4/cs2/XST_VCC
GND 		m4/cs3/XST_GND
VCC 		m4/cs3/XST_VCC
GND 		m5/b1/XST_GND
VCC 		m5/b1/XST_VCC
GND 		m5/b2/XST_GND
VCC 		m5/b2/XST_VCC
GND 		m5/cl1/XST_GND
VCC 		m5/cl1/XST_VCC
GND 		m5/cl2/XST_GND
VCC 		m5/cl2/XST_VCC
GND 		m5/cl3/XST_GND
VCC 		m5/cl3/XST_VCC
GND 		m5/cs1/XST_GND
VCC 		m5/cs1/XST_VCC
GND 		m5/cs2/XST_GND
VCC 		m5/cs2/XST_VCC
GND 		m5/cs3/XST_GND
VCC 		m5/cs3/XST_VCC
GND 		m6/b1/XST_GND
VCC 		m6/b1/XST_VCC
GND 		m6/b2/XST_GND
VCC 		m6/b2/XST_VCC
GND 		m6/cl1/XST_GND
VCC 		m6/cl1/XST_VCC
GND 		m6/cl2/XST_GND
VCC 		m6/cl2/XST_VCC
GND 		m6/cl3/XST_GND
VCC 		m6/cl3/XST_VCC
GND 		m6/cs1/XST_GND
VCC 		m6/cs1/XST_VCC
GND 		m6/cs2/XST_GND
VCC 		m6/cs2/XST_VCC
GND 		m6/cs3/XST_GND
VCC 		m6/cs3/XST_VCC
GND 		m7/ins/XST_GND
VCC 		m7/ins/XST_VCC
GND 		m8/h1/XST_GND
VCC 		m8/h1/XST_VCC
GND 		m8/h2/XST_GND
VCC 		m8/h2/XST_VCC
LUT5 		m1/PWR_6_o_maxtick[17]_div_7/Mcompar_o<11>_lut<7>
   optimized to 0
LUT5 		m1/PWR_6_o_maxtick[17]_div_7/Mcompar_o<11>_lutdi7
   optimized to 0
LUT3 		m1/PWR_6_o_maxtick[17]_div_7/Mcompar_o<9>_lutdi8
   optimized to 0

To enable printing of redundant blocks removed and signals merged, set the
detailed map report option and rerun map.

Section 6 - IOB Properties
--------------------------

+---------------------------------------------------------------------------------------------------------------------------------------------------------+
| IOB Name                           | Type             | Direction | IO Standard          | Diff  | Drive    | Slew | Reg (s)      | Resistor | IOB      |
|                                    |                  |           |                      | Term  | Strength | Rate |              |          | Delay    |
+---------------------------------------------------------------------------------------------------------------------------------------------------------+
| B<0>                               | IOB33            | OUTPUT    | LVCMOS33             |       | 12       | FAST |              |          |          |
| B<1>                               | IOB33            | OUTPUT    | LVCMOS33             |       | 12       | FAST |              |          |          |
| B<2>                               | IOB33            | OUTPUT    | LVCMOS33             |       | 12       | FAST |              |          |          |
| B<3>                               | IOB33            | OUTPUT    | LVCMOS33             |       | 12       | FAST |              |          |          |
| G<0>                               | IOB33            | OUTPUT    | LVCMOS33             |       | 12       | FAST |              |          |          |
| G<1>                               | IOB33            | OUTPUT    | LVCMOS33             |       | 12       | FAST |              |          |          |
| G<2>                               | IOB33            | OUTPUT    | LVCMOS33             |       | 12       | FAST |              |          |          |
| G<3>                               | IOB33            | OUTPUT    | LVCMOS33             |       | 12       | FAST |              |          |          |
| HS                                 | IOB33            | OUTPUT    | LVCMOS33             |       | 12       | FAST |              |          |          |
| LED<0>                             | IOB33            | OUTPUT    | LVCMOS33             |       | 12       | SLOW |              |          |          |
| LED<1>                             | IOB33            | OUTPUT    | LVCMOS33             |       | 12       | SLOW |              |          |          |
| LED<2>                             | IOB33            | OUTPUT    | LVCMOS33             |       | 12       | SLOW |              |          |          |
| LED<3>                             | IOB33            | OUTPUT    | LVCMOS33             |       | 12       | SLOW |              |          |          |
| LED<4>                             | IOB33            | OUTPUT    | LVCMOS33             |       | 12       | SLOW |              |          |          |
| LED<5>                             | IOB33            | OUTPUT    | LVCMOS33             |       | 12       | SLOW |              |          |          |
| LED<6>                             | IOB33            | OUTPUT    | LVCMOS33             |       | 12       | SLOW |              |          |          |
| LED<7>                             | IOB33            | OUTPUT    | LVCMOS33             |       | 12       | SLOW |              |          |          |
| R<0>                               | IOB33            | OUTPUT    | LVCMOS33             |       | 12       | FAST |              |          |          |
| R<1>                               | IOB33            | OUTPUT    | LVCMOS33             |       | 12       | FAST |              |          |          |
| R<2>                               | IOB33            | OUTPUT    | LVCMOS33             |       | 12       | FAST |              |          |          |
| R<3>                               | IOB33            | OUTPUT    | LVCMOS33             |       | 12       | FAST |              |          |          |
| SEGCLK                             | IOB33            | OUTPUT    | LVCMOS33             |       | 12       | SLOW |              |          |          |
| SEGCLR                             | IOB33            | OUTPUT    | LVCMOS33             |       | 12       | SLOW |              |          |          |
| SEGDT                              | IOB33            | OUTPUT    | LVCMOS33             |       | 12       | SLOW |              |          |          |
| SEGEN                              | IOB33            | OUTPUT    | LVCMOS33             |       | 12       | SLOW |              |          |          |
| SW<0>                              | IOB              | INPUT     | LVCMOS15             |       |          |      |              |          |          |
| SW<1>                              | IOB              | INPUT     | LVCMOS15             |       |          |      |              |          |          |
| SW<2>                              | IOB              | INPUT     | LVCMOS15             |       |          |      |              |          |          |
| SW<3>                              | IOB              | INPUT     | LVCMOS15             |       |          |      |              |          |          |
| SW<4>                              | IOB              | INPUT     | LVCMOS15             |       |          |      |              |          |          |
| SW<5>                              | IOB              | INPUT     | LVCMOS15             |       |          |      |              |          |          |
| SW<6>                              | IOB              | INPUT     | LVCMOS15             |       |          |      |              |          |          |
| SW<7>                              | IOB              | INPUT     | LVCMOS15             |       |          |      |              |          |          |
| SW<8>                              | IOB              | INPUT     | LVCMOS15             |       |          |      |              |          |          |
| SW<9>                              | IOB              | INPUT     | LVCMOS15             |       |          |      |              |          |          |
| SW<10>                             | IOB              | INPUT     | LVCMOS15             |       |          |      |              |          |          |
| SW<11>                             | IOB              | INPUT     | LVCMOS15             |       |          |      |              |          |          |
| SW<12>                             | IOB              | INPUT     | LVCMOS15             |       |          |      |              |          |          |
| SW<13>                             | IOB              | INPUT     | LVCMOS15             |       |          |      |              |          |          |
| SW<14>                             | IOB              | INPUT     | LVCMOS15             |       |          |      |              |          |          |
| SW<15>                             | IOB              | INPUT     | LVCMOS15             |       |          |      |              |          |          |
| VS                                 | IOB33            | OUTPUT    | LVCMOS33             |       | 12       | FAST |              |          |          |
| clk                                | IOB              | INPUT     | LVCMOS18             |       |          |      |              |          |          |
| ps2_clk                            | IOB33            | INPUT     | LVCMOS33             |       |          |      |              |          |          |
| ps2_data                           | IOB33            | INPUT     | LVCMOS33             |       |          |      |              |          |          |
+---------------------------------------------------------------------------------------------------------------------------------------------------------+

Section 7 - RPMs
----------------

Section 8 - Guide Report
------------------------
Guide not run on this design.

Section 9 - Area Group and Partition Summary
--------------------------------------------

Partition Implementation Status
-------------------------------

  No Partitions were found in this design.

-------------------------------

Area Group Information
----------------------

  No area groups were found in this design.

----------------------

Section 10 - Timing Report
--------------------------
A logic-level (pre-route) timing report can be generated by using Xilinx static
timing analysis tools, Timing Analyzer (GUI) or TRCE (command line), with the
mapped NCD and PCF files. Please note that this timing report will be generated
using estimated delay information. For accurate numbers, please generate a
timing report with the post Place and Route NCD file.

For more information about the Timing Analyzer, consult the Xilinx Timing
Analyzer Reference Manual; for more information about TRCE, consult the Xilinx
Command Line Tools User Guide "TRACE" chapter.

Section 11 - Configuration String Details
-----------------------------------------
Use the "-detail" map option to print out Configuration Strings

Section 12 - Control Set Information
------------------------------------
Use the "-detail" map option to print out Control Set Information.

Section 13 - Utilization by Hierarchy
-------------------------------------
Use the "-detail" map option to print out the Utilization by Hierarchy section.
